 Prefetch batch: 1286 ms.
      Read time: 294.669 ms.
 Transform time: 986.679 ms.

 Rank 0 : Broadcast net param time is 0.107367sec
 Rank 1 : Broadcast net param time is 0.107357sec
 Rank 1 : layer0  data Forward cost time: 5.6e-05s
 Rank 1 : layer1  label_data_1_split Forward cost time: 9e-06s
 Rank 1 : layer2  conv1/7x7_s2 Forward cost time: 2.16296s
 Rank 1 : layer3  conv1/relu_7x7 Forward cost time: 0.031461s
 Rank 1 : layer4  pool1/3x3_s2 Forward cost time: 0.397444s
 Rank 1 : layer5  pool1/norm1 Forward cost time: 4.17211s
 Rank 1 : layer6  conv2/3x3_reduce Forward cost time: 0.428705s
 Rank 1 : layer7  conv2/relu_3x3_reduce Forward cost time: 0.007856s
 Rank 1 : layer8  conv2/3x3 Forward cost time: 1.0314s
 Rank 1 : layer9  conv2/relu_3x3 Forward cost time: 0.023584s
 Rank 1 : layer10  conv2/norm2 Forward cost time: 12.5919s
 Rank 1 : layer11  pool2/3x3_s2 Forward cost time: 0.298404s
 Rank 1 : layer12  pool2/3x3_s2_pool2/3x3_s2_0_split Forward cost time: 1.4e-05s
 Rank 1 : layer13  inception_3a/1x1 Forward cost time: 0.177476s
 Rank 1 : layer14  inception_3a/relu_1x1 Forward cost time: 0.002024s
 Rank 1 : layer15  inception_3a/3x3_reduce Forward cost time: 0.180587s
 Rank 1 : layer16  inception_3a/relu_3x3_reduce Forward cost time: 0.002988s
 Rank 1 : layer17  inception_3a/3x3 Forward cost time: 0.263032s
 Rank 1 : layer18  inception_3a/relu_3x3 Forward cost time: 0.003971s
 Rank 1 : layer19  inception_3a/5x5_reduce Forward cost time: 0.205534s
 Rank 1 : layer20  inception_3a/relu_5x5_reduce Forward cost time: 0.000557s
 Rank 1 : layer21  inception_3a/5x5 Forward cost time: 0.228263s
 Rank 1 : layer22  inception_3a/relu_5x5 Forward cost time: 0.001042s
 Rank 1 : layer23  inception_3a/pool Forward cost time: 0.29562s
 Rank 1 : layer24  inception_3a/pool_proj Forward cost time: 0.206007s
 Rank 1 : layer25  inception_3a/relu_pool_proj Forward cost time: 0.001041s
 Rank 1 : layer26  inception_3a/output Forward cost time: 0.142041s
 Rank 1 : layer27  inception_3a/output_inception_3a/output_0_split Forward cost time: 1.7e-05s
 Rank 1 : layer28  inception_3b/1x1 Forward cost time: 0.216703s
 Rank 1 : layer29  inception_3b/relu_1x1 Forward cost time: 0.003983s
 Rank 1 : layer30  inception_3b/3x3_reduce Forward cost time: 0.215935s
 Rank 1 : layer31  inception_3b/relu_3x3_reduce Forward cost time: 0.004002s
 Rank 1 : layer32  inception_3b/3x3 Forward cost time: 0.37082s
 Rank 1 : layer33  inception_3b/relu_3x3 Forward cost time: 0.005941s
 Rank 1 : layer34  inception_3b/5x5_reduce Forward cost time: 0.208405s
 Rank 1 : layer35  inception_3b/relu_5x5_reduce Forward cost time: 0.001039s
 Rank 1 : layer36  inception_3b/5x5 Forward cost time: 0.32983s
 Rank 1 : layer37  inception_3b/relu_5x5 Forward cost time: 0.002987s
 Rank 1 : layer38  inception_3b/pool Forward cost time: 0.396027s
 Rank 1 : layer39  inception_3b/pool_proj Forward cost time: 0.197025s
 Rank 1 : layer40  inception_3b/relu_pool_proj Forward cost time: 0.002026s
 Rank 1 : layer41  inception_3b/output Forward cost time: 0.263161s
 Rank 1 : layer42  pool3/3x3_s2 Forward cost time: 0.188348s
 Rank 1 : layer43  pool3/3x3_s2_pool3/3x3_s2_0_split Forward cost time: 1.4e-05s
 Rank 1 : layer44  inception_4a/1x1 Forward cost time: 0.104219s
 Rank 1 : layer45  inception_4a/relu_1x1 Forward cost time: 0.001541s
 Rank 1 : layer46  inception_4a/3x3_reduce Forward cost time: 0.089327s
 Rank 1 : layer47  inception_4a/relu_3x3_reduce Forward cost time: 0.000803s
 Rank 1 : layer48  inception_4a/3x3 Forward cost time: 0.17271s
 Rank 1 : layer49  inception_4a/relu_3x3 Forward cost time: 0.001644s
 Rank 1 : layer50  inception_4a/5x5_reduce Forward cost time: 0.104539s
 Rank 1 : layer51  inception_4a/relu_5x5_reduce Forward cost time: 0.000181s
 Rank 1 : layer52  inception_4a/5x5 Forward cost time: 0.119121s
 Rank 1 : layer53  inception_4a/relu_5x5 Forward cost time: 0.000428s
 Rank 1 : layer54  inception_4a/pool Forward cost time: 0.183797s
 Rank 1 : layer55  inception_4a/pool_proj Forward cost time: 0.085524s
 Rank 1 : layer56  inception_4a/relu_pool_proj Forward cost time: 0.000555s
 Rank 1 : layer57  inception_4a/output Forward cost time: 0.070472s
 Rank 1 : layer58  inception_4a/output_inception_4a/output_0_split Forward cost time: 1.8e-05s
 Rank 1 : layer59  loss1/ave_pool Forward cost time: 0.011748s
 Rank 1 : layer60  loss1/conv Forward cost time: 0.053134s
 Rank 1 : layer61  loss1/relu_conv Forward cost time: 0.000139s
 Rank 1 : layer62  loss1/fc Forward cost time: 0.003093s
 Rank 1 : layer63  loss1/relu_fc Forward cost time: 8.1e-05s
 Rank 1 : layer64  loss1/drop_fc Forward cost time: 0.00516s
 Rank 1 : layer65  loss1/classifier Forward cost time: 0.002097s
 Rank 1 : layer66  loss1/loss Forward cost time: 0.01542s
 Rank 1 : layer67  inception_4b/1x1 Forward cost time: 0.102255s
 Rank 1 : layer68  inception_4b/relu_1x1 Forward cost time: 0.001277s
 Rank 1 : layer69  inception_4b/3x3_reduce Forward cost time: 0.113005s
 Rank 1 : layer70  inception_4b/relu_3x3_reduce Forward cost time: 0.000922s
 Rank 1 : layer71  inception_4b/3x3 Forward cost time: 0.178778s
 Rank 1 : layer72  inception_4b/relu_3x3 Forward cost time: 0.001761s
 Rank 1 : layer73  inception_4b/5x5_reduce Forward cost time: 0.105751s
 Rank 1 : layer74  inception_4b/relu_5x5_reduce Forward cost time: 0.000244s
 Rank 1 : layer75  inception_4b/5x5 Forward cost time: 0.127388s
 Rank 1 : layer76  inception_4b/relu_5x5 Forward cost time: 0.000547s
 Rank 1 : layer77  inception_4b/pool Forward cost time: 0.197171s
 Rank 1 : layer78  inception_4b/pool_proj Forward cost time: 0.087488s
 Rank 1 : layer79  inception_4b/relu_pool_proj Forward cost time: 0.000555s
 Rank 1 : layer80  inception_4b/output Forward cost time: 0.070776s
 Rank 1 : layer81  inception_4b/output_inception_4b/output_0_split Forward cost time: 1.6e-05s
 Rank 1 : layer82  inception_4c/1x1 Forward cost time: 0.097267s
 Rank 1 : layer83  inception_4c/relu_1x1 Forward cost time: 0.001038s
 Rank 1 : layer84  inception_4c/3x3_reduce Forward cost time: 0.097344s
 Rank 1 : layer85  inception_4c/relu_3x3_reduce Forward cost time: 0.001045s
 Rank 1 : layer86  inception_4c/3x3 Forward cost time: 0.14225s
 Rank 1 : layer87  inception_4c/relu_3x3 Forward cost time: 0.002035s
 Rank 1 : layer88  inception_4c/5x5_reduce Forward cost time: 0.105801s
 Rank 1 : layer89  inception_4c/relu_5x5_reduce Forward cost time: 0.00024s
 Rank 1 : layer90  inception_4c/5x5 Forward cost time: 0.127389s
 Rank 1 : layer91  inception_4c/relu_5x5 Forward cost time: 0.000549s
 Rank 1 : layer92  inception_4c/pool Forward cost time: 0.197347s
 Rank 1 : layer93  inception_4c/pool_proj Forward cost time: 0.087492s
 Rank 1 : layer94  inception_4c/relu_pool_proj Forward cost time: 0.000554s
 Rank 1 : layer95  inception_4c/output Forward cost time: 0.070511s
 Rank 1 : layer96  inception_4c/output_inception_4c/output_0_split Forward cost time: 1.6e-05s
 Rank 1 : layer97  inception_4d/1x1 Forward cost time: 0.113085s
 Rank 1 : layer98  inception_4d/relu_1x1 Forward cost time: 0.000921s
 Rank 1 : layer99  inception_4d/3x3_reduce Forward cost time: 0.114781s
 Rank 1 : layer100  inception_4d/relu_3x3_reduce Forward cost time: 0.001168s
 Rank 1 : layer101  inception_4d/3x3 Forward cost time: 0.285493s
 Rank 1 : layer102  inception_4d/relu_3x3 Forward cost time: 0.002261s
 Rank 1 : layer103  inception_4d/5x5_reduce Forward cost time: 0.106579s
 Rank 1 : layer104  inception_4d/relu_5x5_reduce Forward cost time: 0.000306s
 Rank 1 : layer105  inception_4d/5x5 Forward cost time: 0.156728s
 Rank 1 : layer106  inception_4d/relu_5x5 Forward cost time: 0.000554s
 Rank 1 : layer107  inception_4d/pool Forward cost time: 0.197308s
 Rank 1 : layer108  inception_4d/pool_proj Forward cost time: 0.087478s
 Rank 1 : layer109  inception_4d/relu_pool_proj Forward cost time: 0.000557s
 Rank 1 : layer110  inception_4d/output Forward cost time: 0.072205s
 Rank 1 : layer111  inception_4d/output_inception_4d/output_0_split Forward cost time: 1.7e-05s
 Rank 1 : layer112  loss2/ave_pool Forward cost time: 0.012117s
 Rank 1 : layer113  loss2/conv Forward cost time: 0.084397s
 Rank 1 : layer114  loss2/relu_conv Forward cost time: 0.000138s
 Rank 1 : layer115  loss2/fc Forward cost time: 0.003092s
 Rank 1 : layer116  loss2/relu_fc Forward cost time: 8.3e-05s
 Rank 1 : layer117  loss2/drop_fc Forward cost time: 0.00537s
 Rank 1 : layer118  loss2/classifier Forward cost time: 0.002095s
 Rank 1 : layer119  loss2/loss Forward cost time: 0.01528s
 Rank 1 : layer120  inception_4e/1x1 Forward cost time: 0.120259s
 Rank 1 : layer121  inception_4e/relu_1x1 Forward cost time: 0.002026s
 Rank 1 : layer122  inception_4e/3x3_reduce Forward cost time: 0.116112s
 Rank 1 : layer123  inception_4e/relu_3x3_reduce Forward cost time: 0.001284s
 Rank 1 : layer124  inception_4e/3x3 Forward cost time: 0.197737s
 Rank 1 : layer125  inception_4e/relu_3x3 Forward cost time: 0.002497s
 Rank 1 : layer126  inception_4e/5x5_reduce Forward cost time: 0.10698s
 Rank 1 : layer127  inception_4e/relu_5x5_reduce Forward cost time: 0.000303s
 Rank 1 : layer128  inception_4e/5x5 Forward cost time: 0.161694s
 Rank 1 : layer129  inception_4e/relu_5x5 Forward cost time: 0.001043s
 Rank 1 : layer130  inception_4e/pool Forward cost time: 0.20242s
 Rank 1 : layer131  inception_4e/pool_proj Forward cost time: 0.114492s
 Rank 1 : layer132  inception_4e/relu_pool_proj Forward cost time: 0.001046s
 Rank 1 : layer133  inception_4e/output Forward cost time: 0.114442s
 Rank 1 : layer134  pool4/3x3_s2 Forward cost time: 0.085401s
 Rank 1 : layer135  pool4/3x3_s2_pool4/3x3_s2_0_split Forward cost time: 1.4e-05s
 Rank 1 : layer136  inception_5a/1x1 Forward cost time: 0.079788s
 Rank 1 : layer137  inception_5a/relu_1x1 Forward cost time: 0.000556s
 Rank 1 : layer138  inception_5a/3x3_reduce Forward cost time: 0.071772s
 Rank 1 : layer139  inception_5a/relu_3x3_reduce Forward cost time: 0.000374s
 Rank 1 : layer140  inception_5a/3x3 Forward cost time: 0.089363s
 Rank 1 : layer141  inception_5a/relu_3x3 Forward cost time: 0.000676s
 Rank 1 : layer142  inception_5a/5x5_reduce Forward cost time: 0.096898s
 Rank 1 : layer143  inception_5a/relu_5x5_reduce Forward cost time: 0.000111s
 Rank 1 : layer144  inception_5a/5x5 Forward cost time: 0.111618s
 Rank 1 : layer145  inception_5a/relu_5x5 Forward cost time: 0.000301s
 Rank 1 : layer146  inception_5a/pool Forward cost time: 0.084868s
 Rank 1 : layer147  inception_5a/pool_proj Forward cost time: 0.069099s
 Rank 1 : layer148  inception_5a/relu_pool_proj Forward cost time: 0.000308s
 Rank 1 : layer149  inception_5a/output Forward cost time: 0.028956s
 Rank 1 : layer150  inception_5a/output_inception_5a/output_0_split Forward cost time: 1.5e-05s
 Rank 1 : layer151  inception_5b/1x1 Forward cost time: 0.10256s
 Rank 1 : layer152  inception_5b/relu_1x1 Forward cost time: 0.0008s
 Rank 1 : layer153  inception_5b/3x3_reduce Forward cost time: 0.074477s
 Rank 1 : layer154  inception_5b/relu_3x3_reduce Forward cost time: 0.000437s
 Rank 1 : layer155  inception_5b/3x3 Forward cost time: 0.100223s
 Rank 1 : layer156  inception_5b/relu_3x3 Forward cost time: 0.000818s
 Rank 1 : layer157  inception_5b/5x5_reduce Forward cost time: 0.097299s
 Rank 1 : layer158  inception_5b/relu_5x5_reduce Forward cost time: 0.000148s
 Rank 1 : layer159  inception_5b/5x5 Forward cost time: 0.118518s
 Rank 1 : layer160  inception_5b/relu_5x5 Forward cost time: 0.000309s
 Rank 1 : layer161  inception_5b/pool Forward cost time: 0.085044s
 Rank 1 : layer162  inception_5b/pool_proj Forward cost time: 0.069143s
 Rank 1 : layer163  inception_5b/relu_pool_proj Forward cost time: 0.000312s
 Rank 1 : layer164  inception_5b/output Forward cost time: 0.03551s
 Rank 1 : layer165  pool5/7x7_s1 Forward cost time: 0.371065s
 Rank 1 : layer166  pool5/drop_7x7_s1 Forward cost time: 0.005498s
 Rank 1 : layer167  loss3/classifier Forward cost time: 0.002101s
 Rank 1 : layer168  loss3/loss3 Forward cost time: 0.015071s
 Rank 1 : layer168  loss3/loss3 Backward cost time: 0.00083s
 Rank 1 : layer167  loss3/classifier Backward cost time: 0.005143s
 Rank 1 : layer166  pool5/drop_7x7_s1 Backward cost time: 0.001929s
 Rank 1 : layer165  pool5/7x7_s1 Backward cost time: 0.388503s
 Rank 1 : layer164  inception_5b/output Backward cost time: 0.035536s
 Rank 1 : layer163  inception_5b/relu_pool_proj Backward cost time: 0.000465s
 Rank 1 : layer162  inception_5b/pool_proj Backward cost time: 0.176909s
 Rank 1 : layer161  inception_5b/pool Backward cost time: 0.029199s
 Rank 1 : layer160  inception_5b/relu_5x5 Backward cost time: 0.000453s
 Rank 1 : layer159  inception_5b/5x5 Backward cost time: 0.245007s
 Rank 1 : layer158  inception_5b/relu_5x5_reduce Backward cost time: 0.00021s
 Rank 1 : layer157  inception_5b/5x5_reduce Backward cost time: 0.162843s
 Rank 1 : layer156  inception_5b/relu_3x3 Backward cost time: 0.001222s
 Rank 1 : layer155  inception_5b/3x3 Backward cost time: 0.434113s
 Rank 1 : layer154  inception_5b/relu_3x3_reduce Backward cost time: 0.000657s
 Rank 1 : layer153  inception_5b/3x3_reduce Backward cost time: 0.181566s
 Rank 1 : layer152  inception_5b/relu_1x1 Backward cost time: 0.001219s
 Rank 1 : layer151  inception_5b/1x1 Backward cost time: 0.24344s
 Rank 1 : layer150  inception_5a/output_inception_5a/output_0_split Backward cost time: 0.063629s
 Rank 1 : layer149  inception_5a/output Backward cost time: 0.028999s
 Rank 1 : layer148  inception_5a/relu_pool_proj Backward cost time: 0.000466s
 Rank 1 : layer147  inception_5a/pool_proj Backward cost time: 0.177216s
 Rank 1 : layer146  inception_5a/pool Backward cost time: 0.029123s
 Rank 1 : layer145  inception_5a/relu_5x5 Backward cost time: 0.000452s
 Rank 1 : layer144  inception_5a/5x5 Backward cost time: 0.199567s
 Rank 1 : layer143  inception_5a/relu_5x5_reduce Backward cost time: 0.000156s
 Rank 1 : layer142  inception_5a/5x5_reduce Backward cost time: 0.160046s
 Rank 1 : layer141  inception_5a/relu_3x3 Backward cost time: 0.001024s
 Rank 1 : layer140  inception_5a/3x3 Backward cost time: 0.387444s
 Rank 1 : layer139  inception_5a/relu_3x3_reduce Backward cost time: 0.000555s
 Rank 1 : layer138  inception_5a/3x3_reduce Backward cost time: 0.177635s
 Rank 1 : layer137  inception_5a/relu_1x1 Backward cost time: 0.000842s
 Rank 1 : layer136  inception_5a/1x1 Backward cost time: 0.185629s
 Rank 1 : layer135  pool4/3x3_s2_pool4/3x3_s2_0_split Backward cost time: 0.063667s
 Rank 1 : layer134  pool4/3x3_s2 Backward cost time: 0.05658s
 Rank 1 : layer133  inception_4e/output Backward cost time: 0.114797s
 Rank 1 : layer132  inception_4e/relu_pool_proj Backward cost time: 0.00159s
 Rank 1 : layer131  inception_4e/pool_proj Backward cost time: 0.190944s
 Rank 1 : layer130  inception_4e/pool Backward cost time: 0.036244s
 Rank 1 : layer129  inception_4e/relu_5x5 Backward cost time: 0.001607s
 Rank 1 : layer128  inception_4e/5x5 Backward cost time: 0.278306s
 Rank 1 : layer127  inception_4e/relu_5x5_reduce Backward cost time: 0.000462s
 Rank 1 : layer126  inception_4e/5x5_reduce Backward cost time: 0.173479s
 Rank 1 : layer125  inception_4e/relu_3x3 Backward cost time: 0.003855s
 Rank 1 : layer124  inception_4e/3x3 Backward cost time: 0.525355s
 Rank 1 : layer123  inception_4e/relu_3x3_reduce Backward cost time: 0.00197s
 Rank 1 : layer122  inception_4e/3x3_reduce Backward cost time: 0.194975s
 Rank 1 : layer121  inception_4e/relu_1x1 Backward cost time: 0.003103s
 Rank 1 : layer120  inception_4e/1x1 Backward cost time: 0.201473s
 Rank 1 : layer119  loss2/loss Backward cost time: 0.00081s
 Rank 1 : layer118  loss2/classifier Backward cost time: 0.00535s
 Rank 1 : layer117  loss2/drop_fc Backward cost time: 0.001998s
 Rank 1 : layer116  loss2/relu_fc Backward cost time: 0.000115s
 Rank 1 : layer115  loss2/fc Backward cost time: 0.009265s
 Rank 1 : layer114  loss2/relu_conv Backward cost time: 0.000201s
 Rank 1 : layer113  loss2/conv Backward cost time: 0.137463s
 Rank 1 : layer112  loss2/ave_pool Backward cost time: 0.037172s
 Rank 1 : layer111  inception_4d/output_inception_4d/output_0_split Backward cost time: 0.129237s
 Rank 1 : layer110  inception_4d/output Backward cost time: 0.071748s
 Rank 1 : layer109  inception_4d/relu_pool_proj Backward cost time: 0.000834s
 Rank 1 : layer108  inception_4d/pool_proj Backward cost time: 0.074348s
 Rank 1 : layer107  inception_4d/pool Backward cost time: 0.035122s
 Rank 1 : layer106  inception_4d/relu_5x5 Backward cost time: 0.000854s
 Rank 1 : layer105  inception_4d/5x5 Backward cost time: 0.265924s
 Rank 1 : layer104  inception_4d/relu_5x5_reduce Backward cost time: 0.000454s
 Rank 1 : layer103  inception_4d/5x5_reduce Backward cost time: 0.142135s
 Rank 1 : layer102  inception_4d/relu_3x3 Backward cost time: 0.003503s
 Rank 1 : layer101  inception_4d/3x3 Backward cost time: 0.502855s
 Rank 1 : layer100  inception_4d/relu_3x3_reduce Backward cost time: 0.00179s
 Rank 1 : layer99  inception_4d/3x3_reduce Backward cost time: 0.15677s
 Rank 1 : layer98  inception_4d/relu_1x1 Backward cost time: 0.001426s
 Rank 1 : layer97  inception_4d/1x1 Backward cost time: 0.15672s
 Rank 1 : layer96  inception_4c/output_inception_4c/output_0_split Backward cost time: 0.225807s
 Rank 1 : layer95  inception_4c/output Backward cost time: 0.071014s
 Rank 1 : layer94  inception_4c/relu_pool_proj Backward cost time: 0.000835s
 Rank 1 : layer93  inception_4c/pool_proj Backward cost time: 0.074417s
 Rank 1 : layer92  inception_4c/pool Backward cost time: 0.035122s
 Rank 1 : layer91  inception_4c/relu_5x5 Backward cost time: 0.000831s
 Rank 1 : layer90  inception_4c/5x5 Backward cost time: 0.218784s
 Rank 1 : layer89  inception_4c/relu_5x5_reduce Backward cost time: 0.000358s
 Rank 1 : layer88  inception_4c/5x5_reduce Backward cost time: 0.140644s
 Rank 1 : layer87  inception_4c/relu_3x3 Backward cost time: 0.003133s
 Rank 1 : layer86  inception_4c/3x3 Backward cost time: 0.160338s
 Rank 1 : layer85  inception_4c/relu_3x3_reduce Backward cost time: 0.001591s
 Rank 1 : layer84  inception_4c/3x3_reduce Backward cost time: 0.088103s
 Rank 1 : layer83  inception_4c/relu_1x1 Backward cost time: 0.00159s
 Rank 1 : layer82  inception_4c/1x1 Backward cost time: 0.088176s
 Rank 1 : layer81  inception_4b/output_inception_4b/output_0_split Backward cost time: 0.225708s
 Rank 1 : layer80  inception_4b/output Backward cost time: 0.070614s
 Rank 1 : layer79  inception_4b/relu_pool_proj Backward cost time: 0.000833s
 Rank 1 : layer78  inception_4b/pool_proj Backward cost time: 0.074339s
 Rank 1 : layer77  inception_4b/pool Backward cost time: 0.03517s
 Rank 1 : layer76  inception_4b/relu_5x5 Backward cost time: 0.000826s
 Rank 1 : layer75  inception_4b/5x5 Backward cost time: 0.218847s
 Rank 1 : layer74  inception_4b/relu_5x5_reduce Backward cost time: 0.000367s
 Rank 1 : layer73  inception_4b/5x5_reduce Backward cost time: 0.140757s
 Rank 1 : layer72  inception_4b/relu_3x3 Backward cost time: 0.002735s
 Rank 1 : layer71  inception_4b/3x3 Backward cost time: 0.31s
 Rank 1 : layer70  inception_4b/relu_3x3_reduce Backward cost time: 0.001415s
 Rank 1 : layer69  inception_4b/3x3_reduce Backward cost time: 0.155765s
 Rank 1 : layer68  inception_4b/relu_1x1 Backward cost time: 0.00198s
 Rank 1 : layer67  inception_4b/1x1 Backward cost time: 0.096153s
 Rank 1 : layer66  loss1/loss Backward cost time: 0.000765s
 Rank 1 : layer65  loss1/classifier Backward cost time: 0.005042s
 Rank 1 : layer64  loss1/drop_fc Backward cost time: 0.001916s
 Rank 1 : layer63  loss1/relu_fc Backward cost time: 0.000115s
 Rank 1 : layer62  loss1/fc Backward cost time: 0.009369s
 Rank 1 : layer61  loss1/relu_conv Backward cost time: 0.000198s
 Rank 1 : layer60  loss1/conv Backward cost time: 0.028666s
 Rank 1 : layer59  loss1/ave_pool Backward cost time: 0.036059s
 Rank 1 : layer58  inception_4a/output_inception_4a/output_0_split Backward cost time: 0.232113s
 Rank 1 : layer57  inception_4a/output Backward cost time: 0.070945s
 Rank 1 : layer56  inception_4a/relu_pool_proj Backward cost time: 0.000832s
 Rank 1 : layer55  inception_4a/pool_proj Backward cost time: 0.150373s
 Rank 1 : layer54  inception_4a/pool Backward cost time: 0.03295s
 Rank 1 : layer53  inception_4a/relu_5x5 Backward cost time: 0.000645s
 Rank 1 : layer52  inception_4a/5x5 Backward cost time: 0.170253s
 Rank 1 : layer51  inception_4a/relu_5x5_reduce Backward cost time: 0.000272s
 Rank 1 : layer50  inception_4a/5x5_reduce Backward cost time: 0.139127s
 Rank 1 : layer49  inception_4a/relu_3x3 Backward cost time: 0.002548s
 Rank 1 : layer48  inception_4a/3x3 Backward cost time: 0.290665s
 Rank 1 : layer47  inception_4a/relu_3x3_reduce Backward cost time: 0.001229s
 Rank 1 : layer46  inception_4a/3x3_reduce Backward cost time: 0.155886s
 Rank 1 : layer45  inception_4a/relu_1x1 Backward cost time: 0.002361s
 Rank 1 : layer44  inception_4a/1x1 Backward cost time: 0.162009s
 Rank 1 : layer43  pool3/3x3_s2_pool3/3x3_s2_0_split Backward cost time: 0.211579s
 Rank 1 : layer42  pool3/3x3_s2 Backward cost time: 0.099377s
 Rank 1 : layer41  inception_3b/output Backward cost time: 0.263491s
 Rank 1 : layer40  inception_3b/relu_pool_proj Backward cost time: 0.003107s
 Rank 1 : layer39  inception_3b/pool_proj Backward cost time: 0.169565s
 Rank 1 : layer38  inception_3b/pool Backward cost time: 0.065464s
 Rank 1 : layer37  inception_3b/relu_5x5 Backward cost time: 0.004606s
 Rank 1 : layer36  inception_3b/5x5 Backward cost time: 0.597946s
 Rank 1 : layer35  inception_3b/relu_5x5_reduce Backward cost time: 0.001574s
 Rank 1 : layer34  inception_3b/5x5_reduce Backward cost time: 0.183029s
 Rank 1 : layer33  inception_3b/relu_3x3 Backward cost time: 0.009207s
 Rank 1 : layer32  inception_3b/3x3 Backward cost time: 0.516887s
 Rank 1 : layer31  inception_3b/relu_3x3_reduce Backward cost time: 0.006161s
 Rank 1 : layer30  inception_3b/3x3_reduce Backward cost time: 0.212003s
 Rank 1 : layer29  inception_3b/relu_1x1 Backward cost time: 0.006157s
 Rank 1 : layer28  inception_3b/1x1 Backward cost time: 0.211607s
 Rank 1 : layer27  inception_3a/output_inception_3a/output_0_split Backward cost time: 0.45127s
 Rank 1 : layer26  inception_3a/output Backward cost time: 0.14165s
 Rank 1 : layer25  inception_3a/relu_pool_proj Backward cost time: 0.001576s
 Rank 1 : layer24  inception_3a/pool_proj Backward cost time: 0.183653s
 Rank 1 : layer23  inception_3a/pool Backward cost time: 0.049074s
 Rank 1 : layer22  inception_3a/relu_5x5 Backward cost time: 0.001598s
 Rank 1 : layer21  inception_3a/5x5 Backward cost time: 0.335825s
 Rank 1 : layer20  inception_3a/relu_5x5_reduce Backward cost time: 0.000824s
 Rank 1 : layer19  inception_3a/5x5_reduce Backward cost time: 0.177781s
 Rank 1 : layer18  inception_3a/relu_3x3 Backward cost time: 0.006171s
 Rank 1 : layer17  inception_3a/3x3 Backward cost time: 0.606698s
 Rank 1 : layer16  inception_3a/relu_3x3_reduce Backward cost time: 0.004606s
 Rank 1 : layer15  inception_3a/3x3_reduce Backward cost time: 0.193065s
 Rank 1 : layer14  inception_3a/relu_1x1 Backward cost time: 0.003105s
 Rank 1 : layer13  inception_3a/1x1 Backward cost time: 0.193254s
 Rank 1 : layer12  pool2/3x3_s2_pool2/3x3_s2_0_split Backward cost time: 0.338426s
 Rank 1 : layer11  pool2/3x3_s2 Backward cost time: 0.157678s
 Rank 1 : layer10  conv2/norm2 Backward cost time: 14.2339s
 Rank 1 : layer9  conv2/relu_3x3 Backward cost time: 0.036419s
 Rank 1 : layer8  conv2/3x3 Backward cost time: 1.47919s
 Rank 1 : layer7  conv2/relu_3x3_reduce Backward cost time: 0.012164s
 Rank 1 : layer6  conv2/3x3_reduce Backward cost time: 0.480251s
 Rank 1 : layer5  pool1/norm1 Backward cost time: 4.7545s
 Rank 1 : layer4  pool1/3x3_s2 Backward cost time: 0.244582s
 Rank 1 : layer3  conv1/relu_7x7 Backward cost time: 0.04873s
 Rank 1 : layer2  conv1/7x7_s2 Backward cost time: 0.865561s
 Rank 1 : layer 1  label_data_1_split needn't Backward
 Rank 0: net ForwardBackward time is 71.0875sec loss: 19.2679
 Rank 1 : layer 0  data needn't Backward
 Rank 1: net ForwardBackward time is 71.0876sec loss: 19.2679
 MPIRoot: Iteration 1 (0.0140154 iter/s, 71.35s/1 iters), loss = 18.9939
     Train net output #0: loss1/loss1 = 0 (* 0.3 = 0 loss)
     Train net output #1: loss2/loss2 = 0 (* 0.3 = 0 loss)
     Train net output #2: loss3/loss3 = 0 (* 1 = 0 loss)
 MPIRoot: Iteration 1, lr = 0.00968246
