Rank 0 : Broadcast net param time is 0.148013sec
Rank 1 : Broadcast net param time is 0.148026sec
Rank 1 Fetch batch: 1186 ms.
Rank 1 Read time: 356.797 ms.
Rank 1 Transform time: 826.507 ms.
Rank 1 : layer0  data Forward cost time: 1.18668s
Rank 1 : layer1  conv1_1 Forward cost time: 8.84845s
Rank 1 : layer2  relu1_1 Forward cost time: 0.125494s
Rank 1 : layer3  conv1_2 Forward cost time: 10.319s
Rank 1 : layer4  relu1_2 Forward cost time: 0.126611s
Rank 1 : layer5  pool1 Forward cost time: 1.78641s
Rank 1 : layer6  conv2_1 Forward cost time: 3.2931s
Rank 1 : layer7  relu2_1 Forward cost time: 0.062984s
Rank 1 : layer8  conv2_2 Forward cost time: 4.26103s
Rank 1 : layer9  relu2_2 Forward cost time: 0.06285s
Rank 1 : layer10  pool2 Forward cost time: 0.897852s
Rank 1 : layer11  conv3_1 Forward cost time: 1.82059s
Rank 1 : layer12  relu3_1 Forward cost time: 0.031557s
Rank 1 : layer13  conv3_2 Forward cost time: 2.84568s
Rank 1 : layer14  relu3_2 Forward cost time: 0.031436s
Rank 1 : layer15  conv3_3 Forward cost time: 2.81203s
Rank 1 : layer16  relu3_3 Forward cost time: 0.031499s
Rank 1 : layer17  pool3 Forward cost time: 0.446613s
Rank 1 : layer18  conv4_1 Forward cost time: 1.33854s
Rank 1 : layer19  relu4_1 Forward cost time: 0.015774s
Rank 1 : layer20  conv4_2 Forward cost time: 2.20323s
Rank 1 : layer21  relu4_2 Forward cost time: 0.015756s
Rank 1 : layer22  conv4_3 Forward cost time: 2.23638s
Rank 1 : layer23  relu4_3 Forward cost time: 0.015694s
Rank 1 : layer24  pool4 Forward cost time: 0.224187s
Rank 1 : layer25  conv5_1 Forward cost time: 0.569184s
Rank 1 : layer26  relu5_1 Forward cost time: 0.003954s
Rank 1 : layer27  conv5_2 Forward cost time: 0.577568s
Rank 1 : layer28  relu5_2 Forward cost time: 0.003954s
Rank 1 : layer29  conv5_3 Forward cost time: 0.555094s
Rank 1 : layer30  relu5_3 Forward cost time: 0.003964s
Rank 1 : layer31  pool5 Forward cost time: 0.063068s
Rank 1 : layer32  fc6 Forward cost time: 0.098635s
Rank 1 : layer33  relu6 Forward cost time: 0.000222s
Rank 1 : layer34  drop6 Forward cost time: 0.02248s
Rank 1 : layer35  fc7 Forward cost time: 0.019277s
Rank 1 : layer36  relu7 Forward cost time: 0.000221s
Rank 1 : layer37  drop7 Forward cost time: 0.022492s
Rank 1 : layer38  fc8 Forward cost time: 0.005576s
Rank 1 : layer39  loss Forward cost time: 0.015665s
Rank 1 : layer39  loss Backward cost time: 0.001067s
Rank 1 : layer38  fc8 Backward cost time: 0.018221s
Rank 1 : layer37  drop7 Backward cost time: 0.005504s
Rank 1 : layer36  relu7 Backward cost time: 0.000332s
Rank 1 : layer35  fc7 Backward cost time: 0.0632s
Rank 1 : layer34  drop6 Backward cost time: 0.00769s
Rank 1 : layer33  relu6 Backward cost time: 0.000341s
Rank 1 : layer32  fc6 Backward cost time: 0.462151s
Rank 1 : layer31  pool5 Backward cost time: 0.057385s
Rank 1 : layer30  relu5_3 Backward cost time: 0.006162s
Rank 1 : layer29  conv5_3 Backward cost time: 0.892501s
Rank 1 : layer28  relu5_2 Backward cost time: 0.006144s
Rank 1 : layer27  conv5_2 Backward cost time: 0.898703s
Rank 1 : layer26  relu5_1 Backward cost time: 0.00613s
Rank 1 : layer25  conv5_1 Backward cost time: 0.920467s
Rank 1 : layer24  pool4 Backward cost time: 0.196629s
Rank 1 : layer23  relu4_3 Backward cost time: 0.024268s
Rank 1 : layer22  conv4_3 Backward cost time: 3.66862s
Rank 1 : layer21  relu4_2 Backward cost time: 0.024408s
Rank 1 : layer20  conv4_2 Backward cost time: 3.58782s
Rank 1 : layer19  relu4_1 Backward cost time: 0.024194s
Rank 1 : layer18  conv4_1 Backward cost time: 2.00718s
Rank 1 : layer17  pool3 Backward cost time: 0.391179s
Rank 1 : layer16  relu3_3 Backward cost time: 0.049016s
Rank 1 : layer15  conv3_3 Backward cost time: 4.3054s
Rank 1 : layer14  relu3_2 Backward cost time: 0.048305s
Rank 1 : layer13  conv3_2 Backward cost time: 4.41272s
Rank 1 : layer12  relu3_1 Backward cost time: 0.048852s
Rank 1 : layer11  conv3_1 Backward cost time: 2.64043s
Rank 1 : layer10  pool2 Backward cost time: 0.844192s
Rank 1 : layer9  relu2_2 Backward cost time: 0.097255s
Rank 1 : layer8  conv2_2 Backward cost time: 5.98875s
Rank 1 : layer7  relu2_1 Backward cost time: 0.097356s
Rank 1 : layer6  conv2_1 Backward cost time: 6.24884s
Rank 1 : layer5  pool1 Backward cost time: 1.59538s
Rank 1 : layer4  relu1_2 Backward cost time: 0.194637s
Rank 1 : layer3  conv1_2 Backward cost time: 32.0308s
Rank 1 : layer2  relu1_1 Backward cost time: 0.194464s
Rank 1 : layer1  conv1_1 Backward cost time: 2.62886s
Rank 1 : layer0  data needn't Backward
Rank 0: net ForwardBackward time is 123.589sec loss: 6.90963
Rank 1: net ForwardBackward time is 123.59sec loss: 6.90963
MPIRoot: Iteration 0 (-0.0241509 iter/s, 124.219s/1 iters), loss = 6.90963
     Train net output #0: loss = 0 (* 1 = 0 loss)
MPIRoot: Iteration 0, lr = 0.001
Rank 0 : Broadcast net param time is 0.148017sec
Rank 1 : Broadcast net param time is 0.148028sec
Rank 1 Fetch batch: 1127 ms.
Rank 1 Read time: 300.085 ms.
Rank 1 Transform time: 822.578 ms.
Rank 1 : layer0  data Forward cost time: 1.12777s
Rank 1 : layer1  conv1_1 Forward cost time: 8.13459s
Rank 1 : layer2  relu1_1 Forward cost time: 0.125398s
Rank 1 : layer3  conv1_2 Forward cost time: 9.30129s
Rank 1 : layer4  relu1_2 Forward cost time: 0.126028s
Rank 1 : layer5  pool1 Forward cost time: 1.4309s
Rank 1 : layer6  conv2_1 Forward cost time: 2.88431s
Rank 1 : layer7  relu2_1 Forward cost time: 0.063101s
Rank 1 : layer8  conv2_2 Forward cost time: 3.67324s
Rank 1 : layer9  relu2_2 Forward cost time: 0.062982s
Rank 1 : layer10  pool2 Forward cost time: 0.720182s
Rank 1 : layer11  conv3_1 Forward cost time: 1.63684s
Rank 1 : layer12  relu3_1 Forward cost time: 0.031551s
Rank 1 : layer13  conv3_2 Forward cost time: 2.40036s
Rank 1 : layer14  relu3_2 Forward cost time: 0.031466s
Rank 1 : layer15  conv3_3 Forward cost time: 2.40644s
Rank 1 : layer16  relu3_3 Forward cost time: 0.0316s
Rank 1 : layer17  pool3 Forward cost time: 0.357754s
Rank 1 : layer18  conv4_1 Forward cost time: 1.14081s
Rank 1 : layer19  relu4_1 Forward cost time: 0.015742s
Rank 1 : layer20  conv4_2 Forward cost time: 2.0513s
Rank 1 : layer21  relu4_2 Forward cost time: 0.015728s
Rank 1 : layer22  conv4_3 Forward cost time: 2.04726s
Rank 1 : layer23  relu4_3 Forward cost time: 0.015665s
Rank 1 : layer24  pool4 Forward cost time: 0.179681s
Rank 1 : layer25  conv5_1 Forward cost time: 0.545428s
Rank 1 : layer26  relu5_1 Forward cost time: 0.003983s
Rank 1 : layer27  conv5_2 Forward cost time: 0.545137s
Rank 1 : layer28  relu5_2 Forward cost time: 0.003958s
Rank 1 : layer29  conv5_3 Forward cost time: 0.545374s
Rank 1 : layer30  relu5_3 Forward cost time: 0.003966s
Rank 1 : layer31  pool5 Forward cost time: 0.051946s
Rank 1 : layer32  fc6 Forward cost time: 0.097681s
Rank 1 : layer33  relu6 Forward cost time: 0.000223s
Rank 1 : layer34  drop6 Forward cost time: 0.021517s
Rank 1 : layer35  fc7 Forward cost time: 0.018305s
Rank 1 : layer36  relu7 Forward cost time: 0.00022s
Rank 1 : layer37  drop7 Forward cost time: 0.021512s
Rank 1 : layer38  fc8 Forward cost time: 0.005365s
Rank 1 : layer39  loss Forward cost time: 0.014562s
Rank 1 : layer39  loss Backward cost time: 0.000857s
Rank 1 : layer38  fc8 Backward cost time: 0.017358s
Rank 1 : layer37  drop7 Backward cost time: 0.005475s
Rank 1 : layer36  relu7 Backward cost time: 0.000327s
Rank 1 : layer35  fc7 Backward cost time: 0.062297s
Rank 1 : layer34  drop6 Backward cost time: 0.007707s
Rank 1 : layer33  relu6 Backward cost time: 0.00033s
Rank 1 : layer32  fc6 Backward cost time: 0.458582s
Rank 1 : layer31  pool5 Backward cost time: 0.035191s
Rank 1 : layer30  relu5_3 Backward cost time: 0.006124s
Rank 1 : layer29  conv5_3 Backward cost time: 0.855502s
Rank 1 : layer28  relu5_2 Backward cost time: 0.006101s
Rank 1 : layer27  conv5_2 Backward cost time: 0.855849s
Rank 1 : layer26  relu5_1 Backward cost time: 0.006119s
Rank 1 : layer25  conv5_1 Backward cost time: 0.855464s
Rank 1 : layer24  pool4 Backward cost time: 0.107687s
Rank 1 : layer23  relu4_3 Backward cost time: 0.024204s
Rank 1 : layer22  conv4_3 Backward cost time: 3.50867s
Rank 1 : layer21  relu4_2 Backward cost time: 0.024288s
Rank 1 : layer20  conv4_2 Backward cost time: 3.50896s
Rank 1 : layer19  relu4_1 Backward cost time: 0.02424s
Rank 1 : layer18  conv4_1 Backward cost time: 1.912s
Rank 1 : layer17  pool3 Backward cost time: 0.213304s
Rank 1 : layer16  relu3_3 Backward cost time: 0.048697s
Rank 1 : layer15  conv3_3 Backward cost time: 3.83839s
Rank 1 : layer14  relu3_2 Backward cost time: 0.04842s
Rank 1 : layer13  conv3_2 Backward cost time: 3.83887s
Rank 1 : layer12  relu3_1 Backward cost time: 0.048722s
Rank 1 : layer11  conv3_1 Backward cost time: 2.44636s
Rank 1 : layer10  pool2 Backward cost time: 0.489041s
Rank 1 : layer9  relu2_2 Backward cost time: 0.097095s
Rank 1 : layer8  conv2_2 Backward cost time: 5.42465s
Rank 1 : layer7  relu2_1 Backward cost time: 0.097644s
Rank 1 : layer6  conv2_1 Backward cost time: 6.06003s
Rank 1 : layer5  pool1 Backward cost time: 0.881435s
Rank 1 : layer4  relu1_2 Backward cost time: 0.19527s
Rank 1 : layer3  conv1_2 Backward cost time: 31.2577s
Rank 1 : layer2  relu1_1 Backward cost time: 0.19409s
Rank 1 : layer1  conv1_1 Backward cost time: 2.5956s
Rank 1 : layer0  data needn't Backward
Rank 0: net ForwardBackward time is 113.842sec loss: 6.90737
Rank 1: net ForwardBackward time is 113.842sec loss: 6.90737
MPIRoot: Iteration 1 (0.00866033 iter/s, 115.469s/1 iters), loss = 6.90737
    Train net output #0: loss = 0 (* 1 = 0 loss)
MPIRoot: Iteration 1, lr = 0.001
